<?xml version="1.0" encoding="UTF-8"?>
<!-- Generated by org.testng.reporters.JUnitReportReporter -->
<testsuite name="com.bi.pages.automation.Login" tests="2" time="13.715" ignored="0" failures="0" timestamp="04 Dec 2017 14:13:37 GMT" skipped="0" hostname="Manoj-PC" errors="0">
  <testcase name="loginToApp" time="6.630" classname="com.bi.pages.automation.Login"/>
  <testcase name="initDriver" time="7.085" classname="com.bi.pages.automation.Login"/>
</testsuite> <!-- com.bi.pages.automation.Login -->
